<?xml version="1.0" encoding="UTF-8"?>
<testsuite name="com.neph.WuriSool.data.LiquorRepositoryTest" tests="1" skipped="0" failures="0" errors="0" timestamp="2024-01-28T06:14:46" hostname="users-MacBook-Pro.local" time="0.4">
  <properties/>
  <testcase name="save()" classname="com.neph.WuriSool.data.LiquorRepositoryTest" time="0.4"/>
  <system-out><![CDATA[15:14:44.952 [Test worker] INFO org.springframework.test.context.support.AnnotationConfigContextLoaderUtils -- Could not detect default configuration classes for test class [com.neph.WuriSool.data.LiquorRepositoryTest]: LiquorRepositoryTest does not declare any static, non-private, non-final, nested classes annotated with @Configuration.
15:14:44.996 [Test worker] INFO org.springframework.boot.test.context.SpringBootTestContextBootstrapper -- Found @SpringBootConfiguration com.neph.WuriSool.WuriSoolApplication for test class com.neph.WuriSool.data.LiquorRepositoryTest

  .   ____          _            __ _ _
 /\\ / ___'_ __ _ _(_)_ __  __ _ \ \ \ \
( ( )\___ | '_ | '_| | '_ \/ _` | \ \ \ \
 \\/  ___)| |_)| | | | | || (_| |  ) ) ) )
  '  |____| .__|_| |_|_| |_\__, | / / / /
 =========|_|==============|___/=/_/_/_/
 :: Spring Boot ::                (v3.2.2)

2024-01-28T15:14:45.187+09:00  INFO 70592 --- [    Test worker] c.n.WuriSool.data.LiquorRepositoryTest   : Starting LiquorRepositoryTest using Java 20.0.2 with PID 70592 (started by neph in /Users/neph/Documents/BE/WuriSool)
2024-01-28T15:14:45.188+09:00  INFO 70592 --- [    Test worker] c.n.WuriSool.data.LiquorRepositoryTest   : No active profile set, falling back to 1 default profile: "default"
2024-01-28T15:14:45.474+09:00  INFO 70592 --- [    Test worker] .s.d.r.c.RepositoryConfigurationDelegate : Bootstrapping Spring Data JPA repositories in DEFAULT mode.
2024-01-28T15:14:45.483+09:00  INFO 70592 --- [    Test worker] .s.d.r.c.RepositoryConfigurationDelegate : Finished Spring Data repository scanning in 5 ms. Found 0 JPA repository interfaces.
2024-01-28T15:14:45.659+09:00  INFO 70592 --- [    Test worker] com.zaxxer.hikari.HikariDataSource       : HikariPool-1 - Starting...
2024-01-28T15:14:45.754+09:00  INFO 70592 --- [    Test worker] com.zaxxer.hikari.pool.HikariPool        : HikariPool-1 - Added connection conn0: url=jdbc:h2:mem:7ebb08f9-596d-48b1-b6b4-bd4666bcd75e user=SA
2024-01-28T15:14:45.755+09:00  INFO 70592 --- [    Test worker] com.zaxxer.hikari.HikariDataSource       : HikariPool-1 - Start completed.
2024-01-28T15:14:45.777+09:00  INFO 70592 --- [    Test worker] o.hibernate.jpa.internal.util.LogHelper  : HHH000204: Processing PersistenceUnitInfo [name: default]
2024-01-28T15:14:45.800+09:00  INFO 70592 --- [    Test worker] org.hibernate.Version                    : HHH000412: Hibernate ORM core version 6.4.1.Final
2024-01-28T15:14:45.815+09:00  INFO 70592 --- [    Test worker] o.h.c.internal.RegionFactoryInitiator    : HHH000026: Second-level cache disabled
2024-01-28T15:14:45.915+09:00  INFO 70592 --- [    Test worker] o.s.o.j.p.SpringPersistenceUnitInfo      : No LoadTimeWeaver setup: ignoring JPA class transformer
2024-01-28T15:14:46.289+09:00  INFO 70592 --- [    Test worker] o.h.e.t.j.p.i.JtaPlatformInitiator       : HHH000489: No JTA platform available (set 'hibernate.transaction.jta.platform' to enable JTA platform integration)
2024-01-28T15:14:46.297+09:00 DEBUG 70592 --- [    Test worker] org.hibernate.SQL                        : drop table if exists liquor cascade 
2024-01-28T15:14:46.298+09:00 DEBUG 70592 --- [    Test worker] org.hibernate.SQL                        : drop sequence if exists liquor_seq
2024-01-28T15:14:46.300+09:00 DEBUG 70592 --- [    Test worker] org.hibernate.SQL                        : create sequence liquor_seq start with 1 increment by 50
2024-01-28T15:14:46.302+09:00 DEBUG 70592 --- [    Test worker] org.hibernate.SQL                        : create table liquor (alcohol_percentage float(24), id bigint not null, description varchar(255), name varchar(255), primary key (id))
2024-01-28T15:14:46.306+09:00  INFO 70592 --- [    Test worker] j.LocalContainerEntityManagerFactoryBean : Initialized JPA EntityManagerFactory for persistence unit 'default'
2024-01-28T15:14:46.410+09:00  WARN 70592 --- [    Test worker] JpaBaseConfiguration$JpaWebConfiguration : spring.jpa.open-in-view is enabled by default. Therefore, database queries may be performed during view rendering. Explicitly configure spring.jpa.open-in-view to disable this warning
2024-01-28T15:14:46.639+09:00  INFO 70592 --- [    Test worker] c.n.WuriSool.data.LiquorRepositoryTest   : Started LiquorRepositoryTest in 1.581 seconds (process running for 2.1)
2024-01-28T15:14:46.988+09:00 DEBUG 70592 --- [    Test worker] org.hibernate.SQL                        : select next value for liquor_seq
2024-01-28T15:14:47.002+09:00 DEBUG 70592 --- [    Test worker] org.hibernate.SQL                        : insert into liquor (alcohol_percentage,description,name,id) values (?,?,?,?)
2024-01-28T15:14:47.003+09:00 TRACE 70592 --- [    Test worker] org.hibernate.orm.jdbc.bind              : binding parameter (1:FLOAT) <- [null]
2024-01-28T15:14:47.003+09:00 TRACE 70592 --- [    Test worker] org.hibernate.orm.jdbc.bind              : binding parameter (2:VARCHAR) <- [null]
2024-01-28T15:14:47.003+09:00 TRACE 70592 --- [    Test worker] org.hibernate.orm.jdbc.bind              : binding parameter (3:VARCHAR) <- [null]
2024-01-28T15:14:47.003+09:00 TRACE 70592 --- [    Test worker] org.hibernate.orm.jdbc.bind              : binding parameter (4:BIGINT) <- [1]
2024-01-28T15:14:47.018+09:00 DEBUG 70592 --- [    Test worker] org.hibernate.SQL                        : select l1_0.id,l1_0.alcohol_percentage,l1_0.description,l1_0.name from liquor l1_0 where l1_0.id=?
2024-01-28T15:14:47.019+09:00 TRACE 70592 --- [    Test worker] org.hibernate.orm.jdbc.bind              : binding parameter (1:BIGINT) <- [1]
]]></system-out>
  <system-err><![CDATA[]]></system-err>
</testsuite>
